2022-12-20 17:04:53,166 [INFO] Activator:179 - 


2022-12-20 17:04:53,166 [INFO] Activator:180 - !SESSION log4j initialized
2022-12-20 17:05:15,794 [ERROR] LogOutputStream:74 - [STDERR_REDIRECT] SLF4J: Failed to load class "org.slf4j.impl.StaticLoggerBinder".
2022-12-20 17:05:15,810 [ERROR] LogOutputStream:74 - [STDERR_REDIRECT] SLF4J: Defaulting to no-operation (NOP) logger implementation
2022-12-20 17:05:15,810 [ERROR] LogOutputStream:74 - [STDERR_REDIRECT] SLF4J: See http://www.slf4j.org/codes.html#StaticLoggerBinder for further details.
2022-12-21 09:47:59,074 [INFO] Activator:179 - 


2022-12-21 09:47:59,074 [INFO] Activator:180 - !SESSION log4j initialized
2022-12-21 09:48:26,394 [ERROR] LogOutputStream:74 - [STDERR_REDIRECT] SLF4J: Failed to load class "org.slf4j.impl.StaticLoggerBinder".
2022-12-21 09:48:26,394 [ERROR] LogOutputStream:74 - [STDERR_REDIRECT] SLF4J: Defaulting to no-operation (NOP) logger implementation
2022-12-21 09:48:26,394 [ERROR] LogOutputStream:74 - [STDERR_REDIRECT] SLF4J: See http://www.slf4j.org/codes.html#StaticLoggerBinder for further details.
2022-12-22 09:36:51,172 [INFO] Activator:179 - 


2022-12-22 09:36:51,177 [INFO] Activator:180 - !SESSION log4j initialized
2022-12-22 09:37:18,062 [ERROR] LogOutputStream:74 - [STDERR_REDIRECT] SLF4J: Failed to load class "org.slf4j.impl.StaticLoggerBinder".
2022-12-22 09:37:18,062 [ERROR] LogOutputStream:74 - [STDERR_REDIRECT] SLF4J: Defaulting to no-operation (NOP) logger implementation
2022-12-22 09:37:18,062 [ERROR] LogOutputStream:74 - [STDERR_REDIRECT] SLF4J: See http://www.slf4j.org/codes.html#StaticLoggerBinder for further details.
2022-12-23 10:52:15,880 [INFO] Activator:179 - 


2022-12-23 10:52:15,880 [INFO] Activator:180 - !SESSION log4j initialized
2022-12-23 10:52:41,999 [ERROR] LogOutputStream:74 - [STDERR_REDIRECT] SLF4J: Failed to load class "org.slf4j.impl.StaticLoggerBinder".
2022-12-23 10:52:41,999 [ERROR] LogOutputStream:74 - [STDERR_REDIRECT] SLF4J: Defaulting to no-operation (NOP) logger implementation
2022-12-23 10:52:41,999 [ERROR] LogOutputStream:74 - [STDERR_REDIRECT] SLF4J: See http://www.slf4j.org/codes.html#StaticLoggerBinder for further details.
2022-12-26 09:35:47,253 [INFO] Activator:179 - 


2022-12-26 09:35:47,253 [INFO] Activator:180 - !SESSION log4j initialized
2022-12-26 09:36:14,084 [ERROR] LogOutputStream:74 - [STDERR_REDIRECT] SLF4J: Failed to load class "org.slf4j.impl.StaticLoggerBinder".
2022-12-26 09:36:14,084 [ERROR] LogOutputStream:74 - [STDERR_REDIRECT] SLF4J: Defaulting to no-operation (NOP) logger implementation
2022-12-26 09:36:14,084 [ERROR] LogOutputStream:74 - [STDERR_REDIRECT] SLF4J: See http://www.slf4j.org/codes.html#StaticLoggerBinder for further details.
2022-12-26 15:28:47,181 [INFO] Activator:179 - 


2022-12-26 15:28:47,181 [INFO] Activator:180 - !SESSION log4j initialized
2022-12-26 15:29:12,418 [ERROR] LogOutputStream:74 - [STDERR_REDIRECT] SLF4J: Failed to load class "org.slf4j.impl.StaticLoggerBinder".
2022-12-26 15:29:12,419 [ERROR] LogOutputStream:74 - [STDERR_REDIRECT] SLF4J: Defaulting to no-operation (NOP) logger implementation
2022-12-26 15:29:12,420 [ERROR] LogOutputStream:74 - [STDERR_REDIRECT] SLF4J: See http://www.slf4j.org/codes.html#StaticLoggerBinder for further details.
2022-12-26 15:34:21,010 [INFO] Activator:179 - 


2022-12-26 15:34:21,010 [INFO] Activator:180 - !SESSION log4j initialized
2022-12-26 15:34:45,896 [ERROR] LogOutputStream:74 - [STDERR_REDIRECT] SLF4J: Failed to load class "org.slf4j.impl.StaticLoggerBinder".
2022-12-26 15:34:45,896 [ERROR] LogOutputStream:74 - [STDERR_REDIRECT] SLF4J: Defaulting to no-operation (NOP) logger implementation
2022-12-26 15:34:45,896 [ERROR] LogOutputStream:74 - [STDERR_REDIRECT] SLF4J: See http://www.slf4j.org/codes.html#StaticLoggerBinder for further details.
2022-12-27 09:55:29,044 [INFO] Activator:179 - 


2022-12-27 09:55:29,055 [INFO] Activator:180 - !SESSION log4j initialized
2022-12-27 09:55:54,865 [ERROR] LogOutputStream:74 - [STDERR_REDIRECT] SLF4J: Failed to load class "org.slf4j.impl.StaticLoggerBinder".
2022-12-27 09:55:54,865 [ERROR] LogOutputStream:74 - [STDERR_REDIRECT] SLF4J: Defaulting to no-operation (NOP) logger implementation
2022-12-27 09:55:54,867 [ERROR] LogOutputStream:74 - [STDERR_REDIRECT] SLF4J: See http://www.slf4j.org/codes.html#StaticLoggerBinder for further details.
2022-12-27 14:18:01,337 [INFO] Activator:179 - 


2022-12-27 14:18:01,338 [INFO] Activator:180 - !SESSION log4j initialized
2022-12-27 14:18:25,949 [ERROR] LogOutputStream:74 - [STDERR_REDIRECT] SLF4J: Failed to load class "org.slf4j.impl.StaticLoggerBinder".
2022-12-27 14:18:25,950 [ERROR] LogOutputStream:74 - [STDERR_REDIRECT] SLF4J: Defaulting to no-operation (NOP) logger implementation
2022-12-27 14:18:25,951 [ERROR] LogOutputStream:74 - [STDERR_REDIRECT] SLF4J: See http://www.slf4j.org/codes.html#StaticLoggerBinder for further details.
2022-12-27 14:34:05,551 [INFO] Activator:179 - 


2022-12-27 14:34:05,552 [INFO] Activator:180 - !SESSION log4j initialized
2022-12-27 14:34:30,051 [ERROR] LogOutputStream:74 - [STDERR_REDIRECT] SLF4J: Failed to load class "org.slf4j.impl.StaticLoggerBinder".
2022-12-27 14:34:30,051 [ERROR] LogOutputStream:74 - [STDERR_REDIRECT] SLF4J: Defaulting to no-operation (NOP) logger implementation
2022-12-27 14:34:30,052 [ERROR] LogOutputStream:74 - [STDERR_REDIRECT] SLF4J: See http://www.slf4j.org/codes.html#StaticLoggerBinder for further details.
2022-12-27 14:45:39,819 [INFO] Activator:179 - 


2022-12-27 14:45:39,820 [INFO] Activator:180 - !SESSION log4j initialized
2022-12-27 14:46:04,453 [ERROR] LogOutputStream:74 - [STDERR_REDIRECT] SLF4J: Failed to load class "org.slf4j.impl.StaticLoggerBinder".
2022-12-27 14:46:04,454 [ERROR] LogOutputStream:74 - [STDERR_REDIRECT] SLF4J: Defaulting to no-operation (NOP) logger implementation
2022-12-27 14:46:04,455 [ERROR] LogOutputStream:74 - [STDERR_REDIRECT] SLF4J: See http://www.slf4j.org/codes.html#StaticLoggerBinder for further details.
2022-12-27 15:12:42,734 [INFO] Activator:179 - 


2022-12-27 15:12:42,734 [INFO] Activator:180 - !SESSION log4j initialized
2022-12-27 15:16:19,750 [INFO] Activator:179 - 


2022-12-27 15:16:19,750 [INFO] Activator:180 - !SESSION log4j initialized
2022-12-27 15:16:44,359 [ERROR] LogOutputStream:74 - [STDERR_REDIRECT] SLF4J: Failed to load class "org.slf4j.impl.StaticLoggerBinder".
2022-12-27 15:16:44,359 [ERROR] LogOutputStream:74 - [STDERR_REDIRECT] SLF4J: Defaulting to no-operation (NOP) logger implementation
2022-12-27 15:16:44,359 [ERROR] LogOutputStream:74 - [STDERR_REDIRECT] SLF4J: See http://www.slf4j.org/codes.html#StaticLoggerBinder for further details.
2022-12-27 15:24:07,497 [INFO] Activator:179 - 


2022-12-27 15:24:07,497 [INFO] Activator:180 - !SESSION log4j initialized
2022-12-27 15:24:32,088 [ERROR] LogOutputStream:74 - [STDERR_REDIRECT] SLF4J: Failed to load class "org.slf4j.impl.StaticLoggerBinder".
2022-12-27 15:24:32,088 [ERROR] LogOutputStream:74 - [STDERR_REDIRECT] SLF4J: Defaulting to no-operation (NOP) logger implementation
2022-12-27 15:24:32,088 [ERROR] LogOutputStream:74 - [STDERR_REDIRECT] SLF4J: See http://www.slf4j.org/codes.html#StaticLoggerBinder for further details.
2022-12-27 15:24:59,320 [INFO] McuFinderGlobals:52 - Set McuFinder mode to 2 (CubeIDE integrated)
2022-12-27 15:25:03,737 [INFO] ApplicationProperties:181 - Using Application install path: C:\ST\STM32CubeIDE_1.11.0\STM32CubeIDE\plugins\com.st.stm32cube.common.mx_6.7.0.202211181646
2022-12-27 15:25:03,753 [INFO] DbMcusXml:77 - Set database path to: C:\ST\STM32CubeIDE_1.11.0\STM32CubeIDE\plugins\com.st.stm32cube.common.mx_6.7.0.202211181646\\db\/mcu/
2022-12-27 15:25:03,753 [INFO] ApiDb:273 - Set plugin database path to: C:\ST\STM32CubeIDE_1.11.0\STM32CubeIDE\plugins\com.st.stm32cube.common.mx_6.7.0.202211181646\\db\/plugins/boardmanager/
2022-12-27 15:25:03,753 [WARN] ApiDb:258 - Overriding images path with different value:  => C:\ST\STM32CubeIDE_1.11.0\STM32CubeIDE\plugins\com.st.stm32cube.common.mx_6.7.0.202211181646\\db\/plugins/mcufinder/images/
2022-12-27 15:25:03,784 [INFO] ApiDb:249 - Set database path to: C:\Users\kouadio\.stmcufinder\plugins\mcufinder//mcu/
2022-12-27 15:25:03,784 [INFO] DbMcusAds:124 - Set database path to: C:\Users\kouadio\.stmcufinder\plugins\mcufinder//mcu/
2022-12-27 15:25:03,784 [INFO] CrossReferenceDbSqlite:202 - Set database path to: C:\Users\kouadio\.stmcufinder\plugins\mcufinder//mcu/cs/
2022-12-27 15:25:03,862 [INFO] RulesReader:61 - Compatibility file has been processed (283 Rules)
2022-12-27 15:25:03,940 [INFO] DbMcusXml:77 - Set database path to: C:\ST\STM32CubeIDE_1.11.0\STM32CubeIDE\plugins\com.st.stm32cube.common.mx_6.7.0.202211181646\\db\/mcu/
2022-12-27 15:25:03,940 [INFO] ApiDb:273 - Set plugin database path to: C:\ST\STM32CubeIDE_1.11.0\STM32CubeIDE\plugins\com.st.stm32cube.common.mx_6.7.0.202211181646\\db\/plugins/boardmanager/
2022-12-27 15:25:03,940 [INFO] ApiDb:260 - Set plugin images path to: C:\ST\STM32CubeIDE_1.11.0\STM32CubeIDE\plugins\com.st.stm32cube.common.mx_6.7.0.202211181646\\db\/plugins/mcufinder/images/
2022-12-27 15:25:03,940 [WARN] DbFile:40 - Overriding database path with different value: C:\Users\kouadio\.stmcufinder\plugins\mcufinder/ => C:\Users\kouadio\.stmcufinder\plugins\mcufinder
2022-12-27 15:25:03,940 [INFO] ApiDb:249 - Set database path to: C:\Users\kouadio\.stmcufinder\plugins\mcufinder//mcu/
2022-12-27 15:25:03,940 [WARN] DbFile:40 - Overriding database path with different value: C:\Users\kouadio\.stmcufinder\plugins\mcufinder/ => C:\Users\kouadio\.stmcufinder\plugins\mcufinder
2022-12-27 15:25:03,940 [INFO] DbMcusAds:124 - Set database path to: C:\Users\kouadio\.stmcufinder\plugins\mcufinder//mcu/
2022-12-27 15:25:03,940 [WARN] DbFile:40 - Overriding database path with different value: C:\Users\kouadio\.stmcufinder\plugins\mcufinder/ => C:\Users\kouadio\.stmcufinder\plugins\mcufinder
2022-12-27 15:25:03,940 [WARN] DbFile:40 - Overriding database path with different value: C:\Users\kouadio\.stmcufinder\plugins\mcufinder/ => C:\Users\kouadio\.stmcufinder\plugins\mcufinder
2022-12-27 15:25:03,940 [INFO] CrossReferenceDbSqlite:202 - Set database path to: C:\Users\kouadio\.stmcufinder\plugins\mcufinder//mcu/cs/
2022-12-27 15:25:04,003 [INFO] MainPanel:252 - HeapMemory: 268435456
2022-12-27 15:25:04,081 [INFO] DbMcusXml:77 - Set database path to: C:\ST\STM32CubeIDE_1.11.0\STM32CubeIDE\plugins\com.st.stm32cube.common.mx_6.7.0.202211181646\\db\/mcu/
2022-12-27 15:25:04,081 [INFO] ApiDb:273 - Set plugin database path to: C:\ST\STM32CubeIDE_1.11.0\STM32CubeIDE\plugins\com.st.stm32cube.common.mx_6.7.0.202211181646\\db\/plugins/boardmanager/
2022-12-27 15:25:04,081 [INFO] ApiDb:260 - Set plugin images path to: C:\ST\STM32CubeIDE_1.11.0\STM32CubeIDE\plugins\com.st.stm32cube.common.mx_6.7.0.202211181646\\db\/plugins/mcufinder/images/
2022-12-27 15:25:04,081 [WARN] DbFile:40 - Overriding database path with different value: C:\Users\kouadio\.stmcufinder\plugins\mcufinder/ => C:\Users\kouadio\.stmcufinder\plugins\mcufinder
2022-12-27 15:25:04,081 [INFO] ApiDb:249 - Set database path to: C:\Users\kouadio\.stmcufinder\plugins\mcufinder//mcu/
2022-12-27 15:25:04,081 [WARN] DbFile:40 - Overriding database path with different value: C:\Users\kouadio\.stmcufinder\plugins\mcufinder/ => C:\Users\kouadio\.stmcufinder\plugins\mcufinder
2022-12-27 15:25:04,081 [INFO] DbMcusAds:124 - Set database path to: C:\Users\kouadio\.stmcufinder\plugins\mcufinder//mcu/
2022-12-27 15:25:04,081 [WARN] DbFile:40 - Overriding database path with different value: C:\Users\kouadio\.stmcufinder\plugins\mcufinder/ => C:\Users\kouadio\.stmcufinder\plugins\mcufinder
2022-12-27 15:25:04,081 [WARN] DbFile:40 - Overriding database path with different value: C:\Users\kouadio\.stmcufinder\plugins\mcufinder/ => C:\Users\kouadio\.stmcufinder\plugins\mcufinder
2022-12-27 15:25:04,081 [INFO] CrossReferenceDbSqlite:202 - Set database path to: C:\Users\kouadio\.stmcufinder\plugins\mcufinder//mcu/cs/
2022-12-27 15:25:04,097 [INFO] ApplicationProperties:181 - Using Application install path: C:\ST\STM32CubeIDE_1.11.0\STM32CubeIDE\plugins\com.st.stm32cube.common.mx_6.7.0.202211181646
2022-12-27 15:25:04,097 [INFO] PluginManage:193 - Search for loadable plugins [exclusion list=, ]
2022-12-27 15:25:04,097 [INFO] PluginManage:307 - Check plugin analytics
2022-12-27 15:25:04,222 [INFO] AnalyticsPlugin:262 - Accepted Software Licenses: 
2022-12-27 15:25:04,222 [INFO] AnalyticsPlugin:264 - Accepted CMSIS Pack Licenses: 
2022-12-27 15:25:04,222 [INFO] AnalyticsPlugin:266 - Accepted Firmware Licenses: 
2022-12-27 15:25:04,222 [INFO] PluginManage:356 - Loaded plugin analytics (category:tool,tabindex:-1)
2022-12-27 15:25:04,222 [INFO] PluginManage:307 - Check plugin cadmodel
2022-12-27 15:25:04,237 [INFO] CADModel:104 - Init CAD model plugin
2022-12-27 15:25:04,237 [INFO] PluginManage:356 - Loaded plugin cadmodel (category:power,tabindex:5)
2022-12-27 15:25:04,237 [INFO] PluginManage:307 - Check plugin clock
2022-12-27 15:25:04,237 [INFO] PluginManage:356 - Loaded plugin clock (category:base,tabindex:2)
2022-12-27 15:25:04,237 [INFO] PluginManage:307 - Check plugin ddr
2022-12-27 15:25:04,253 [INFO] PluginManage:356 - Loaded plugin ddr (category:tool,tabindex:6)
2022-12-27 15:25:04,253 [INFO] PluginManage:307 - Check plugin filemanager
2022-12-27 15:25:04,362 [INFO] PluginManage:356 - Loaded plugin filemanager (category:base,tabindex:10)
2022-12-27 15:25:04,362 [INFO] PluginManage:307 - Check plugin ipmanager
2022-12-27 15:25:04,362 [INFO] PluginManage:356 - Loaded plugin ipmanager (category:base,tabindex:5)
2022-12-27 15:25:04,362 [INFO] PluginManage:307 - Check plugin lpbam
2022-12-27 15:25:04,362 [INFO] PluginManage:356 - Loaded plugin lpbam (category:base,tabindex:0)
2022-12-27 15:25:04,378 [INFO] PluginManage:307 - Check plugin pinoutandconfiguration
2022-12-27 15:25:04,378 [INFO] PluginManage:356 - Loaded plugin pinoutandconfiguration (category:base,tabindex:1)
2022-12-27 15:25:04,378 [INFO] PluginManage:307 - Check plugin pinoutconfig
2022-12-27 15:25:04,410 [INFO] PluginManage:356 - Loaded plugin pinoutconfig (category:base,tabindex:0)
2022-12-27 15:25:04,410 [INFO] PluginManage:307 - Check plugin power
2022-12-27 15:25:04,414 [INFO] PluginManage:356 - Loaded plugin power (category:power,tabindex:4)
2022-12-27 15:25:04,414 [INFO] PluginManage:307 - Check plugin projectmanager
2022-12-27 15:25:04,430 [INFO] PluginManage:356 - Loaded plugin projectmanager (category:projectmanager,tabindex:3)
2022-12-27 15:25:04,430 [INFO] PluginManage:307 - Check plugin thirdparty
2022-12-27 15:25:04,524 [WARN] IntegrityCheckThread:82 - waiting for thirdparty lock release [integrity check]
2022-12-27 15:25:04,524 [INFO] PluginManage:356 - Loaded plugin thirdparty (category:base,tabindex:-1)
2022-12-27 15:25:04,539 [INFO] IntegrityCheckThread:84 - entering critical section [integrity check]
2022-12-27 15:25:04,539 [INFO] PluginManage:307 - Check plugin tools
2022-12-27 15:25:04,539 [INFO] ThirdPartyUpdaterWithRetryManager:70 - Updater plugin not ready yet. [1/15]
2022-12-27 15:25:04,539 [INFO] PluginManage:356 - Loaded plugin tools (category:base,tabindex:7)
2022-12-27 15:25:04,539 [INFO] PluginManage:307 - Check plugin tutovideos
2022-12-27 15:25:04,680 [INFO] PluginManage:356 - Loaded plugin tutovideos (category:base,tabindex:-1)
2022-12-27 15:25:04,680 [INFO] PluginManage:307 - Check plugin updater
2022-12-27 15:25:04,696 [INFO] PluginManage:356 - Loaded plugin updater (category:base,tabindex:12)
2022-12-27 15:25:04,696 [INFO] PluginManage:280 - PluginManage : Loaded plugins [15]
2022-12-27 15:25:04,946 [INFO] PinOutPanel:1477 - setPackage(No Configuration,No Configuration)
2022-12-27 15:25:05,008 [INFO] CADModel:164 - CPN selected for project level
2022-12-27 15:25:05,008 [INFO] CADModel:113 - Register for checkConnection events
2022-12-27 15:25:05,024 [INFO] IPUIPlugin:79 - create IPUIPlugin
2022-12-27 15:25:05,024 [INFO] PluginManager:219 - loadIPPluginJar : add adc
2022-12-27 15:25:05,024 [INFO] IPUIPlugin:79 - create IPUIPlugin
2022-12-27 15:25:05,024 [INFO] PluginManager:219 - loadIPPluginJar : add aes
2022-12-27 15:25:05,024 [INFO] IPUIPlugin:79 - create IPUIPlugin
2022-12-27 15:25:05,024 [INFO] PluginManager:219 - loadIPPluginJar : add can
2022-12-27 15:25:05,024 [INFO] IPUIPlugin:79 - create IPUIPlugin
2022-12-27 15:25:05,024 [INFO] PluginManager:219 - loadIPPluginJar : add comp
2022-12-27 15:25:05,024 [INFO] IPUIPlugin:79 - create IPUIPlugin
2022-12-27 15:25:05,024 [INFO] PluginManager:219 - loadIPPluginJar : add cryp
2022-12-27 15:25:05,024 [INFO] IPUIPlugin:79 - create IPUIPlugin
2022-12-27 15:25:05,024 [INFO] PluginManager:219 - loadIPPluginJar : add dfsdm
2022-12-27 15:25:05,039 [INFO] IPUIPlugin:79 - create IPUIPlugin
2022-12-27 15:25:05,039 [INFO] PluginManager:219 - loadIPPluginJar : add dma
2022-12-27 15:25:05,039 [INFO] IPUIPlugin:79 - create IPUIPlugin
2022-12-27 15:25:05,039 [INFO] PluginManager:219 - loadIPPluginJar : add dma3
2022-12-27 15:25:05,039 [INFO] IPUIPlugin:79 - create IPUIPlugin
2022-12-27 15:25:05,039 [INFO] PluginManager:219 - loadIPPluginJar : add fatfs
2022-12-27 15:25:05,039 [INFO] IPUIPlugin:79 - create IPUIPlugin
2022-12-27 15:25:05,039 [INFO] PluginManager:219 - loadIPPluginJar : add fmc
2022-12-27 15:25:05,039 [INFO] IPUIPlugin:79 - create IPUIPlugin
2022-12-27 15:25:05,039 [INFO] PluginManager:219 - loadIPPluginJar : add freertos
2022-12-27 15:25:05,039 [INFO] IPUIPlugin:79 - create IPUIPlugin
2022-12-27 15:25:05,055 [INFO] PluginManager:219 - loadIPPluginJar : add genericplugin
2022-12-27 15:25:05,055 [INFO] IPUIPlugin:79 - create IPUIPlugin
2022-12-27 15:25:05,055 [INFO] PluginManager:219 - loadIPPluginJar : add gfxmmu
2022-12-27 15:25:05,055 [INFO] IPUIPlugin:79 - create IPUIPlugin
2022-12-27 15:25:05,055 [INFO] PluginManager:219 - loadIPPluginJar : add gic
2022-12-27 15:25:05,055 [INFO] IPUIPlugin:79 - create IPUIPlugin
2022-12-27 15:25:05,055 [INFO] PluginManager:219 - loadIPPluginJar : add gpio
2022-12-27 15:25:05,055 [INFO] IPUIPlugin:79 - create IPUIPlugin
2022-12-27 15:25:05,055 [INFO] PluginManager:219 - loadIPPluginJar : add gtzc
2022-12-27 15:25:05,055 [INFO] IPUIPlugin:79 - create IPUIPlugin
2022-12-27 15:25:05,055 [INFO] PluginManager:219 - loadIPPluginJar : add hash
2022-12-27 15:25:05,071 [INFO] IPUIPlugin:79 - create IPUIPlugin
2022-12-27 15:25:05,071 [INFO] PluginManager:219 - loadIPPluginJar : add i2c
2022-12-27 15:25:05,071 [INFO] IPUIPlugin:79 - create IPUIPlugin
2022-12-27 15:25:05,071 [INFO] PluginManager:219 - loadIPPluginJar : add i2s
2022-12-27 15:25:05,071 [INFO] IPUIPlugin:79 - create IPUIPlugin
2022-12-27 15:25:05,071 [INFO] PluginManager:219 - loadIPPluginJar : add ipddr
2022-12-27 15:25:05,071 [INFO] IPUIPlugin:79 - create IPUIPlugin
2022-12-27 15:25:05,071 [INFO] PluginManager:219 - loadIPPluginJar : add linkedlist
2022-12-27 15:25:05,071 [INFO] IPUIPlugin:79 - create IPUIPlugin
2022-12-27 15:25:05,071 [INFO] PluginManager:219 - loadIPPluginJar : add lorawan
2022-12-27 15:25:05,086 [INFO] IPUIPlugin:79 - create IPUIPlugin
2022-12-27 15:25:05,086 [INFO] PluginManager:219 - loadIPPluginJar : add ltdc
2022-12-27 15:25:05,086 [INFO] IPUIPlugin:79 - create IPUIPlugin
2022-12-27 15:25:05,086 [INFO] PluginManager:219 - loadIPPluginJar : add mdma
2022-12-27 15:25:05,086 [INFO] IPUIPlugin:79 - create IPUIPlugin
2022-12-27 15:25:05,086 [INFO] PluginManager:219 - loadIPPluginJar : add nvic
2022-12-27 15:25:05,086 [INFO] IPUIPlugin:79 - create IPUIPlugin
2022-12-27 15:25:05,086 [INFO] PluginManager:219 - loadIPPluginJar : add opamp
2022-12-27 15:25:05,086 [INFO] IPUIPlugin:79 - create IPUIPlugin
2022-12-27 15:25:05,086 [INFO] PluginManager:219 - loadIPPluginJar : add openamp
2022-12-27 15:25:05,102 [INFO] IPUIPlugin:79 - create IPUIPlugin
2022-12-27 15:25:05,102 [INFO] PluginManager:219 - loadIPPluginJar : add pdm2pcm
2022-12-27 15:25:05,102 [INFO] IPUIPlugin:79 - create IPUIPlugin
2022-12-27 15:25:05,102 [INFO] PluginManager:219 - loadIPPluginJar : add plateformsettings
2022-12-27 15:25:05,102 [INFO] IPUIPlugin:79 - create IPUIPlugin
2022-12-27 15:25:05,102 [INFO] PluginManager:219 - loadIPPluginJar : add quadspi
2022-12-27 15:25:05,117 [INFO] IPUIPlugin:79 - create IPUIPlugin
2022-12-27 15:25:05,117 [INFO] PluginManager:219 - loadIPPluginJar : add resmgrutility
2022-12-27 15:25:05,117 [INFO] IPUIPlugin:79 - create IPUIPlugin
2022-12-27 15:25:05,117 [INFO] PluginManager:219 - loadIPPluginJar : add sai
2022-12-27 15:25:05,117 [INFO] IPUIPlugin:79 - create IPUIPlugin
2022-12-27 15:25:05,117 [INFO] PluginManager:219 - loadIPPluginJar : add spi
2022-12-27 15:25:05,117 [INFO] IPUIPlugin:79 - create IPUIPlugin
2022-12-27 15:25:05,117 [INFO] PluginManager:219 - loadIPPluginJar : add stm32_wpan
2022-12-27 15:25:05,133 [INFO] IPUIPlugin:79 - create IPUIPlugin
2022-12-27 15:25:05,133 [INFO] PluginManager:219 - loadIPPluginJar : add tim
2022-12-27 15:25:05,133 [INFO] IPUIPlugin:79 - create IPUIPlugin
2022-12-27 15:25:05,133 [INFO] PluginManager:219 - loadIPPluginJar : add touchsensing
2022-12-27 15:25:05,133 [INFO] IPUIPlugin:79 - create IPUIPlugin
2022-12-27 15:25:05,133 [INFO] PluginManager:219 - loadIPPluginJar : add tracer_emb
2022-12-27 15:25:05,133 [INFO] IPUIPlugin:79 - create IPUIPlugin
2022-12-27 15:25:05,133 [INFO] PluginManager:219 - loadIPPluginJar : add ts
2022-12-27 15:25:05,133 [INFO] IPUIPlugin:79 - create IPUIPlugin
2022-12-27 15:25:05,133 [INFO] PluginManager:219 - loadIPPluginJar : add tsc
2022-12-27 15:25:05,133 [INFO] IPUIPlugin:79 - create IPUIPlugin
2022-12-27 15:25:05,133 [INFO] PluginManager:219 - loadIPPluginJar : add ucpd
2022-12-27 15:25:05,149 [INFO] IPUIPlugin:79 - create IPUIPlugin
2022-12-27 15:25:05,149 [INFO] PluginManager:219 - loadIPPluginJar : add usart
2022-12-27 15:25:05,149 [INFO] IPUIPlugin:79 - create IPUIPlugin
2022-12-27 15:25:05,149 [INFO] PluginManager:219 - loadIPPluginJar : add usbx
2022-12-27 15:25:05,267 [INFO] CADModel:164 - CPN selected for project level
2022-12-27 15:25:05,267 [INFO] CADModel:113 - Register for checkConnection events
2022-12-27 15:25:05,267 [FATAL] Updater:308 - Updater called before beeing initialized
2022-12-27 15:25:05,267 [ERROR] CADModel:124 - Updater not yet initialized, retry later 
2022-12-27 15:25:05,408 [INFO] CADModel:164 - CPN selected for project level
2022-12-27 15:25:05,408 [INFO] CADModel:113 - Register for checkConnection events
2022-12-27 15:25:05,408 [FATAL] Updater:308 - Updater called before beeing initialized
2022-12-27 15:25:05,408 [ERROR] CADModel:124 - Updater not yet initialized, retry later 
2022-12-27 15:25:05,408 [FATAL] Updater:308 - Updater called before beeing initialized
2022-12-27 15:25:05,549 [FATAL] Updater:308 - Updater called before beeing initialized
2022-12-27 15:25:05,549 [INFO] DbMcusAds:52 - JSON generation date=Thu Sep 30 08:55:09 CEST 2021 (1632984909377)
2022-12-27 15:25:05,549 [FATAL] Updater:308 - Updater called before beeing initialized
2022-12-27 15:25:05,580 [WARN] DetailPanel:344 - Failed to get advertising image, set to default
2022-12-27 15:25:05,674 [FATAL] Updater:308 - Updater called before beeing initialized
2022-12-27 15:25:05,674 [FATAL] Updater:308 - Updater called before beeing initialized
2022-12-27 15:25:05,674 [FATAL] Updater:308 - Updater called before beeing initialized
2022-12-27 15:25:05,674 [WARN] DetailPanel:344 - Failed to get advertising image, set to default
2022-12-27 15:25:05,674 [FATAL] Updater:308 - Updater called before beeing initialized
2022-12-27 15:25:05,721 [ERROR] Updater:1120 - MainUpdater not yet initialized. External WinMGr cannot be set.
2022-12-27 15:25:05,721 [INFO] Updater:1056 - Updater Version found : 6.7.0
2022-12-27 15:25:05,736 [INFO] ApplicationProperties:181 - Using Application install path: C:\ST\STM32CubeIDE_1.11.0\STM32CubeIDE\plugins\com.st.stm32cube.common.mx_6.7.0.202211181646
2022-12-27 15:25:05,861 [INFO] MainUpdater:2800 - connection check result : 10
2022-12-27 15:25:05,861 [INFO] MainUpdater:3494 - Updater definition file requires update
2022-12-27 15:25:05,861 [INFO] MainUpdater:282 - Updater Check For Update Now.
2022-12-27 15:25:05,861 [INFO] MicroXplorer:481 - Change Database Version : DB.6.0.70
2022-12-27 15:25:05,892 [INFO] ServerAccessManage:474 - Download File updaters.zip
2022-12-27 15:25:05,924 [INFO] FileExtend:239 - Unzip File : updaters.zip
2022-12-27 15:25:05,924 [INFO] FileExtend:254 - Standard Zip Deflate
2022-12-27 15:25:06,205 [INFO] ServerAccessManage:474 - Download File PacksControlFlags.xml
2022-12-27 15:25:06,236 [INFO] ServerAccessManage:474 - Download File cubemx.pidx
2022-12-27 15:25:06,533 [INFO] ServerAccessManage:474 - Download File STMicroelectronics.X-CUBE-EEPRMA1.pdsc
2022-12-27 15:25:06,705 [ERROR] ServerAccessManage:1090 - Problem, file not found on Server
2022-12-27 15:25:06,861 [INFO] ServerAccessManage:474 - Download File STMicroelectronics.X-CUBE-TOUCHGFX.pdsc
2022-12-27 15:25:07,064 [INFO] ServerAccessManage:474 - Download File STMicroelectronics.X-CUBE-AZRTOS-H7.pdsc
2022-12-27 15:25:07,517 [WARN] PackLoader:242 - Cannot read IP mode file for STMicroelectronics.X-CUBE-EEPRMA1.4.1.0
2022-12-27 15:25:07,517 [WARN] PackLoader:242 - Cannot read IP mode file for STMicroelectronics.X-CUBE-TOUCHGFX.4.21.0
2022-12-27 15:25:07,548 [WARN] MainUpdater:1186 - Updater busy. Cannot search thirdparties
2022-12-27 15:25:07,548 [INFO] ThirdPartyUpdaterWithRetryManager:96 - Updater plugin is busy. [1/15]
2022-12-27 15:25:07,548 [WARN] PackLoader:242 - Cannot read IP mode file for STMicroelectronics.X-CUBE-AZRTOS-H7.3.0.0
2022-12-27 15:25:07,548 [INFO] PopulateThirdPartyThread:64 - Ending populate Thread
2022-12-27 15:25:07,548 [INFO] ThirdParty:999 - CMSIS Pack Vendor :STMicroelectronics X-CUBE-TOUCHGFX 4.21.0
2022-12-27 15:25:07,548 [INFO] ThirdParty:999 - CMSIS Pack Vendor :STMicroelectronics X-CUBE-EEPRMA1 4.1.0
2022-12-27 15:25:07,548 [INFO] ThirdParty:999 - CMSIS Pack Vendor :STMicroelectronics X-CUBE-AZRTOS-H7 3.0.0
2022-12-27 15:25:07,548 [INFO] LoadServerUpdatesThread:367 - End of LoadServerUpdate Thread
2022-12-27 15:25:07,626 [INFO] CheckServerUpdateThread:119 - End of CheckServer Thread
2022-12-27 15:25:07,704 [INFO] MainUpdater:2800 - connection check result : 10
2022-12-27 15:25:07,704 [INFO] MainUpdater:2800 - connection check result : 10
2022-12-27 15:25:07,751 [INFO] MicroXplorer:451 - Change Database Path : 
2022-12-27 15:25:07,751 [INFO] MicroXplorer:481 - Change Database Version : DB.6.0.70
2022-12-27 15:25:07,751 [WARN] ThirdParty:845 - waiting for thirdparty lock release [close project]
2022-12-27 15:25:10,693 [WARN] PackLoader:242 - Cannot read IP mode file for STMicroelectronics.X-CUBE-GNSS1.6.0.0
2022-12-27 15:25:10,709 [WARN] PackLoader:242 - Cannot read IP mode file for STMicroelectronics.X-CUBE-AZRTOS-F4.1.1.0
2022-12-27 15:25:10,724 [WARN] PackLoader:242 - Cannot read IP mode file for STMicroelectronics.X-CUBE-AZRTOS-F7.1.1.0
2022-12-27 15:25:10,740 [WARN] PackLoader:242 - Cannot read IP mode file for STMicroelectronics.X-CUBE-BLE1.6.2.4
2022-12-27 15:25:10,740 [WARN] PackLoader:242 - Cannot read IP mode file for emotas.I-CUBE-CANOPEN.1.1.3
2022-12-27 15:25:10,740 [WARN] PackLoader:242 - Cannot read IP mode file for STMicroelectronics.X-CUBE-NFC4.2.0.5
2022-12-27 15:25:10,756 [WARN] PackLoader:242 - Cannot read IP mode file for wolfSSL.I-CUBE-wolfSSL.5.5.3
2022-12-27 15:25:10,756 [WARN] PackLoader:242 - Cannot read IP mode file for STMicroelectronics.X-CUBE-NFC7.1.0.0
2022-12-27 15:25:10,756 [WARN] PackLoader:242 - Cannot read IP mode file for STMicroelectronics.X-CUBE-EEPRMA1.4.1.0
2022-12-27 15:25:10,771 [WARN] PackLoader:242 - Cannot read IP mode file for STMicroelectronics.X-CUBE-SFXS2LP1.4.0.0
2022-12-27 15:25:10,771 [WARN] PackLoader:242 - Cannot read IP mode file for STMicroelectronics.X-CUBE-BLE2.3.3.0
2022-12-27 15:25:10,787 [WARN] PackLoader:242 - Cannot read IP mode file for STMicroelectronics.X-CUBE-DISPLAY.2.2.0
2022-12-27 15:25:10,787 [WARN] PackLoader:242 - Cannot read IP mode file for STMicroelectronics.X-CUBE-TOF1.3.2.0
2022-12-27 15:25:10,802 [WARN] PackLoader:242 - Cannot read IP mode file for STMicroelectronics.X-CUBE-AZRTOS-H7.3.0.0
2022-12-27 15:25:10,818 [WARN] PackLoader:242 - Cannot read IP mode file for STMicroelectronics.X-CUBE-ISPU.1.1.0
2022-12-27 15:25:10,818 [WARN] PackLoader:242 - Cannot read IP mode file for RoweBots.I-CUBE-UNISONRTOS.5.5.0-4
2022-12-27 15:25:10,834 [WARN] PackLoader:242 - Cannot read IP mode file for STMicroelectronics.X-CUBE-AZRTOS-H7.2.1.0
2022-12-27 15:25:10,849 [WARN] PackLoader:242 - Cannot read IP mode file for STMicroelectronics.X-CUBE-TOUCHGFX.4.21.0
2022-12-27 15:25:10,865 [WARN] PackLoader:242 - Cannot read IP mode file for STMicroelectronics.X-CUBE-MEMS1.9.4.0
2022-12-27 15:25:10,974 [WARN] PackLoader:242 - Cannot read IP mode file for STMicroelectronics.X-CUBE-AI.7.3.0
2022-12-27 15:25:10,974 [WARN] PackLoader:242 - Cannot read IP mode file for STMicroelectronics.X-CUBE-ALGOBUILD.1.3.0
2022-12-27 15:25:10,990 [WARN] PackLoader:242 - Cannot read IP mode file for STMicroelectronics.X-CUBE-AZRTOS-L5.1.1.0
2022-12-27 15:25:11,006 [WARN] PackLoader:242 - Cannot read IP mode file for STMicroelectronics.X-CUBE-AZRTOS-G0.1.1.0
2022-12-27 15:25:11,021 [WARN] PackLoader:242 - Cannot read IP mode file for STMicroelectronics.X-CUBE-SUBG2.5.0.0
2022-12-27 15:25:11,021 [WARN] PackLoader:242 - Cannot read IP mode file for STMicroelectronics.FP-ATR-ASTRA1.1.1.1
2022-12-27 15:25:11,021 [WARN] PackLoader:242 - Cannot read IP mode file for STMicroelectronics.X-CUBE-BLEMGR.1.3.0
2022-12-27 15:25:11,037 [WARN] PackLoader:242 - Cannot read IP mode file for STMicroelectronics.X-CUBE-AZRTOS-G4.1.0.0
2022-12-27 15:25:11,037 [WARN] PackLoader:242 - Cannot read IP mode file for STMicroelectronics.FP-ATR-SIGFOX1.3.2.0
2022-12-27 15:25:11,052 [WARN] PackLoader:242 - Cannot read IP mode file for STMicroelectronics.X-CUBE-AZRTOS-L4.1.0.0
2022-12-27 15:25:11,052 [WARN] PackLoader:242 - Cannot read IP mode file for STMicroelectronics.X-CUBE-TOUCHGFX.4.20.0
2022-12-27 15:25:11,068 [WARN] PackLoader:242 - Cannot read IP mode file for STMicroelectronics.X-CUBE-AZRTOS-WL.1.0.0
2022-12-27 15:25:11,068 [WARN] PackLoader:242 - Cannot read IP mode file for portGmbH.I-Cube-SoM-uGOAL.1.1.0
2022-12-27 15:25:11,084 [WARN] PackLoader:242 - Cannot read IP mode file for STMicroelectronics.X-CUBE-ALS.1.0.1
2022-12-27 15:25:11,084 [WARN] PackLoader:242 - Cannot read IP mode file for STMicroelectronics.X-CUBE-AZRTOS-WB.1.1.0
2022-12-27 15:25:11,099 [WARN] PackLoader:242 - Cannot read IP mode file for STMicroelectronics.X-CUBE-EEPRMA1.3.1.1
2022-12-27 15:25:11,115 [WARN] PackLoader:242 - Cannot read IP mode file for SEGGER.I-CUBE-embOS.1.3.0
2022-12-27 15:25:11,146 [INFO] ThirdParty:947 - Integrity check success = true
2022-12-27 15:25:11,146 [INFO] IntegrityCheckThread:98 - exiting critical section [integrity check]
2022-12-27 15:25:11,146 [INFO] IntegrityCheckThread:101 - End integrity checks thread
2022-12-27 15:25:11,146 [INFO] ThirdParty:847 - entering critical section [close project]
2022-12-27 15:25:11,146 [INFO] ThirdParty:857 - exiting critical section [close project]
2022-12-27 15:25:11,146 [INFO] PinOutPanel:1477 - setPackage(No Configuration,No Configuration)
2022-12-27 15:25:11,146 [INFO] UtilMem:74 - Begin LoadConfig() Used Memory: 312078864 Bytes (571473920)
2022-12-27 15:25:11,162 [INFO] MicroXplorer:451 - Change Database Path : 
2022-12-27 15:25:11,162 [INFO] MicroXplorer:481 - Change Database Version : DB.6.0.70
2022-12-27 15:25:11,162 [INFO] OpenFileManager:307 - Change cursor
2022-12-27 15:25:11,185 [INFO] Mcu:1925 - Initializing MCU STM32F103R(8-B)Tx STM32F103RBTx STM32F103RBT6
2022-12-27 15:25:11,784 [INFO] Context:654 - Trying to add GPIOservice into a context  which must be forbidden
2022-12-27 15:25:12,112 [INFO] RtosManager:489 - Registered RTOS mode: class=CMSIS, group=RTOS, mode=CMSIS_V1, owner=FREERTOS
2022-12-27 15:25:12,112 [INFO] RtosManager:489 - Registered RTOS mode: class=CMSIS, group=RTOS2, mode=CMSIS_V2, owner=FREERTOS
2022-12-27 15:25:12,112 [INFO] RtosManager:489 - Registered RTOS mode: class=RTOS, group=Core, mode=CMSIS_V1, owner=FREERTOS
2022-12-27 15:25:12,112 [INFO] RtosManager:489 - Registered RTOS mode: class=RTOS, group=Core, mode=CMSIS_V2, owner=FREERTOS
2022-12-27 15:25:12,112 [WARN] ModelIntegratedComponent:185 - Missing modes for component STMicroelectronics:FreeRTOS:0.0.1:STMicroelectronics:RTOS:FreeRTOS:Core:::10.2.0:
2022-12-27 15:25:12,112 [WARN] ModelIntegratedComponent:64 - No mode defined for component null
2022-12-27 15:25:12,112 [WARN] ModelIntegratedComponent:64 - No mode defined for component null
2022-12-27 15:25:12,112 [WARN] ModelIntegratedComponent:64 - No mode defined for component null
2022-12-27 15:25:12,112 [WARN] ModelIntegratedComponent:64 - No mode defined for component null
2022-12-27 15:25:12,112 [WARN] ModelIntegratedComponent:64 - No mode defined for component null
2022-12-27 15:25:12,112 [WARN] ModelIntegratedComponent:64 - No mode defined for component null
2022-12-27 15:25:12,112 [WARN] ModelIntegratedComponent:64 - No mode defined for component null
2022-12-27 15:25:12,112 [WARN] ModelIntegratedComponent:64 - No mode defined for component null
2022-12-27 15:25:12,112 [WARN] ModelIntegratedComponent:64 - No mode defined for component null
2022-12-27 15:25:12,112 [WARN] ModelIntegratedComponent:64 - No mode defined for component null
2022-12-27 15:25:12,112 [WARN] ModelIntegratedComponent:64 - No mode defined for component null
2022-12-27 15:25:12,112 [WARN] ModelIntegratedComponent:64 - No mode defined for component null
2022-12-27 15:25:12,112 [WARN] ModelIntegratedComponent:64 - No mode defined for component null
2022-12-27 15:25:12,112 [WARN] ModelIntegratedComponent:64 - No mode defined for component null
2022-12-27 15:25:12,112 [WARN] ModelIntegratedComponent:64 - No mode defined for component null
2022-12-27 15:25:12,112 [WARN] ModelIntegratedComponent:64 - No mode defined for component null
2022-12-27 15:25:12,112 [WARN] ModelIntegratedComponent:64 - No mode defined for component null
2022-12-27 15:25:12,112 [WARN] ModelIntegratedComponent:64 - No mode defined for component null
2022-12-27 15:25:12,112 [WARN] ModelIntegratedComponent:64 - No mode defined for component null
2022-12-27 15:25:12,112 [WARN] ModelIntegratedComponent:64 - No mode defined for component null
2022-12-27 15:25:12,112 [WARN] ModelIntegratedComponent:64 - No mode defined for component null
2022-12-27 15:25:12,112 [WARN] ModelIntegratedComponent:64 - No mode defined for component null
2022-12-27 15:25:12,112 [WARN] ModelIntegratedComponent:64 - No mode defined for component null
2022-12-27 15:25:12,112 [WARN] ModelIntegratedComponent:64 - No mode defined for component null
2022-12-27 15:25:12,112 [WARN] ModelIntegratedComponent:64 - No mode defined for component null
2022-12-27 15:25:12,112 [WARN] ModelIntegratedComponent:64 - No mode defined for component null
2022-12-27 15:25:12,112 [WARN] ModelIntegratedComponent:64 - No mode defined for component null
2022-12-27 15:25:12,112 [WARN] ModelIntegratedComponent:64 - No mode defined for component null
2022-12-27 15:25:12,112 [WARN] ModelIntegratedComponent:64 - No mode defined for component null
2022-12-27 15:25:12,112 [WARN] ModelIntegratedComponent:64 - No mode defined for component null
2022-12-27 15:25:12,112 [WARN] ModelIntegratedComponent:64 - No mode defined for component null
2022-12-27 15:25:12,112 [WARN] ModelIntegratedComponent:64 - No mode defined for component null
2022-12-27 15:25:12,112 [WARN] ModelIntegratedComponent:64 - No mode defined for component null
2022-12-27 15:25:12,128 [INFO] ThirdPartyModel:294 - Start build external matchings
2022-12-27 15:25:12,284 [INFO] ThirdPartyModel:310 - End build external matchings
2022-12-27 15:25:12,300 [INFO] ImportTextPane:193 - (OptionalMessage_ERROR) IP (RCC) : Parameter (ADCFreqValue) has invalid value (32000000)
2022-12-27 15:25:12,300 [INFO] ImportTextPane:193 - (OptionalMessage_ERROR) IP (RCC) : Invalid parameter (FamilyName)
2022-12-27 15:25:12,300 [INFO] ImportTextPane:193 - (OptionalMessage_ERROR) IP (RCC) : Parameter (MCOFreq_Value) has invalid value (64000000)
2022-12-27 15:25:12,300 [INFO] ImportTextPane:193 - (OptionalMessage_ERROR) IP (RCC) : Parameter (USBFreq_Value) has invalid value (64000000)
2022-12-27 15:25:12,478 [INFO] UtilMem:74 - End LoadConfig() Used Memory: 191971728 Bytes (571473920)
2022-12-27 15:25:12,572 [INFO] ApiDb:580 - Connected to CubeFinder SQLite database (C:\Users\kouadio\.stmcufinder\plugins\mcufinder\mcu\cube-finder-db.db)
2022-12-27 15:25:12,619 [INFO] ApiDb:667 - CubeFinder database Data Model version=2.1
2022-12-27 15:25:12,619 [INFO] ApiDb:668 - CubeFinder database Configuration version=3.0.35
2022-12-27 15:25:12,619 [INFO] ApiDb:669 - CubeFinder database generation date=2022-12-01 (1669903473)
2022-12-27 15:25:12,619 [INFO] ApiDb:670 - CubeFinder database FW Pack versions=[FP-ATR-ASTRA1_V1.1.1, STM32Cube_FW_C0_V1.0.0, STM32Cube_FW_F4_V1.27.1, STM32Cube_FW_F7_V1.17.0, STM32Cube_FW_G0_V1.6.1, STM32Cube_FW_G4_V1.5.0, STM32Cube_FW_H5_V0.5.1, STM32Cube_FW_H7_V1.11.0, STM32Cube_FW_L5_V1.5.0, STM32Cube_FW_U5_V1.1.1, STM32Cube_FW_WBA_V0.2.0, STM32Cube_FW_WB_V1.15.0, STM32Cube_FW_WB_V1.15.0RC1, STM32Cube_FW_WL_V1.3.0, X-CUBE-ALGOBUILD_V1.3.0, X-CUBE-ALS_V1.0.1, X-CUBE-AZRTOS-F4_V1.1.0, X-CUBE-AZRTOS-F7_V1.1.0, X-CUBE-AZRTOS-G0_V1.1.0, X-CUBE-AZRTOS-G4_V1.0.0, X-CUBE-AZRTOS-H7_V2.1.0, X-CUBE-AZRTOS-L4_V1.0.0, X-CUBE-AZRTOS-L5_V1.0.0, X-CUBE-AZRTOS-WL_V1.0.0, X-CUBE-BLE1_V6.2.4, X-CUBE-BLE2_V3.3.0, X-CUBE-BLEMGR_V1.3.0, X-CUBE-EEPRMA1_V3.1.1, X-CUBE-GNSS1_V6.0.0, X-CUBE-MEMS1_V9.1.0, X-CUBE-MEMS1_V9.3.0, X-CUBE-NFC4_V2.0.5, X-CUBE-NFC7_V1.0.0, X-CUBE-SFXS2LP1_V4.0.0, X-CUBE-SUBG2_V5.0.0]
2022-12-27 15:25:14,306 [INFO] ApiDb:239 - Found 143 in-development CPN: [B-WB1M-WPAN1, B-WL5M-SUBG1, NUCLEO-C031C6, STEVAL-PROTEUS1, STEVAL-STWINBX1, STM320518-EVAL, STM32C0116-DK, STM32C011D6Y3TR, STM32C011D6Y6TR, STM32C011F4P3, STM32C011F4P6, STM32C011F4U3, STM32C011F4U6TR, STM32C011F6P3, STM32C011F6P6, STM32C011F6U3, STM32C011F6U6TR, STM32C011J4M3, STM32C011J4M6, STM32C011J6M3, STM32C011J6M6, STM32C0316-DK, STM32C031C4T3, STM32C031C4T6, STM32C031C4U3, STM32C031C4U6, STM32C031C6T3, STM32C031C6T6, STM32C031C6U3, STM32C031C6U6, STM32C031F4P3, STM32C031F4P6, STM32C031F6P3, STM32C031F6P6, STM32C031G4U3, STM32C031G4U6, STM32C031G6U3, STM32C031G6U6, STM32C031K4T3, STM32C031K4T6, STM32C031K4U3, STM32C031K4U6, STM32C031K6T3, STM32C031K6T6, STM32C031K6U3, STM32C031K6U6, STM32G071K8TXN, STM32G071K8UXN, STM32G081GBU6N, STM32G081KBT6N, STM32G081KBUXN, STM32G0B1CCT6N, STM32G0B1KCT6, STM32G0B1NEY6TR, STM32G0B1RCT6N, STM32G0C1CCT6, STM32G0C1CCT6N, STM32G0C1CCU6N, STM32G0C1CET6N, STM32G0C1CEU6N, STM32G0C1KCT6, STM32G0C1NEY6TR, STM32G0C1RCI6N, STM32G0C1RCT6N, STM32G0C1REI6N, STM32G0C1RET6N, STM32G0C1VCI6, STM32G0C1VEI6, STM32G471CCT6, STM32G471CCU6, STM32G471CET3, STM32G471CET6, STM32G471CEU3, STM32G471CEU6, STM32G471MCT6, STM32G471MET3, STM32G471MET6, STM32G471MEY6TR, STM32G471QCT6, STM32G471QET3, STM32G471RCT6, STM32G471RET3, STM32G471RET6, STM32G471VCH6, STM32G471VCI6, STM32G471VCT6, STM32G471VEH3, STM32G471VEH6, STM32G471VEI3, STM32G471VEI6, STM32G471VET3, STM32G471VET6, STM32G474CCT6, STM32L476VGY6PTR, STM32L4R5QGI6STR, STM32MP131AAE3, STM32MP131AAF3, STM32MP131AAG3, STM32MP131CAE3, STM32MP131CAF3, STM32MP131CAG3, STM32MP131DAE7, STM32MP131DAF7, STM32MP131DAG7, STM32MP131FAE7, STM32MP131FAF7, STM32MP131FAG7, STM32MP133AAE3, STM32MP133AAF3, STM32MP133AAG3, STM32MP133CAE3, STM32MP133CAF3, STM32MP133CAG3, STM32MP133DAE7, STM32MP133DAF7, STM32MP133DAG7, STM32MP133FAE7, STM32MP133FAF7, STM32MP133FAG7, STM32MP135AAE3, STM32MP135AAF3, STM32MP135AAG3, STM32MP135CAE3, STM32MP135CAF3, STM32MP135CAG3, STM32MP135DAE7, STM32MP135DAF7, STM32MP135DAG7, STM32MP135F-DK, STM32MP135FAE7, STM32MP135FAF7, STM32MP135FAF7T, STM32MP135FAF7U, STM32MP135FAG7, STM32U595ZJT6Q, STM32U599BJY6QTR, STM32U599NIH6Q, STM32U599NJH6Q, STM32U5A5ZJT6Q, STM32U5A9BJY6QTR, STM32U5A9NJH6Q, STM32WB1MMCH6, STM32WL5MOCH6TR]
2022-12-27 15:25:14,322 [INFO] DbMcus:215 - Found 3582 MCUs, 3582 are supported
2022-12-27 15:25:14,322 [INFO] ApiDb:422 - Load user favorites file C:\Users\kouadio/.stm32cubeide/favorites.mcus.txt: 0 item(s)
2022-12-27 15:25:14,322 [INFO] ApiDb:426 - User favorites MCUs=[]
2022-12-27 15:25:14,322 [INFO] DbMcus:221 - Set 0 / 0 favorites MCUs
2022-12-27 15:25:14,529 [WARN] ThirdParty:807 - waiting for thirdparty lock release [change project]
2022-12-27 15:25:14,529 [INFO] ThirdParty:809 - entering critical section [change project]
2022-12-27 15:25:14,529 [INFO] ThirdParty:999 - CMSIS Pack Vendor :STMicroelectronics X-CUBE-ISPU 1.1.0
2022-12-27 15:25:14,529 [INFO] ThirdParty:999 - CMSIS Pack Vendor :RoweBots I-CUBE-UNISONRTOS 5.5.0-4
2022-12-27 15:25:14,529 [INFO] ThirdParty:999 - CMSIS Pack Vendor :STMicroelectronics X-CUBE-GNSS1 6.0.0
2022-12-27 15:25:14,529 [INFO] ThirdParty:999 - CMSIS Pack Vendor :STMicroelectronics X-CUBE-AZRTOS-H7 2.1.0
2022-12-27 15:25:14,529 [INFO] ThirdParty:999 - CMSIS Pack Vendor :STMicroelectronics USB_HOST 2.0.0
2022-12-27 15:25:14,529 [INFO] ThirdParty:999 - CMSIS Pack Vendor :STMicroelectronics X-CUBE-AZRTOS-F4 1.1.0
2022-12-27 15:25:14,529 [INFO] ThirdParty:999 - CMSIS Pack Vendor :STMicroelectronics LIBJPEG 8.0.0
2022-12-27 15:25:14,529 [INFO] ThirdParty:999 - CMSIS Pack Vendor :STMicroelectronics USB_DEVICE 3.0.0
2022-12-27 15:25:14,529 [INFO] ThirdParty:999 - CMSIS Pack Vendor :STMicroelectronics X-CUBE-TOUCHGFX 4.21.0
2022-12-27 15:25:14,529 [INFO] ThirdParty:999 - CMSIS Pack Vendor :STMicroelectronics X-CUBE-AZRTOS-F7 1.1.0
2022-12-27 15:25:14,529 [INFO] ThirdParty:999 - CMSIS Pack Vendor :STMicroelectronics X-CUBE-MEMS1 9.4.0
2022-12-27 15:25:14,529 [INFO] ThirdParty:999 - CMSIS Pack Vendor :STMicroelectronics USB_DEVICE 2.0.0
2022-12-27 15:25:14,529 [INFO] ThirdParty:999 - CMSIS Pack Vendor :STMicroelectronics X-CUBE-AI 7.3.0
2022-12-27 15:25:14,529 [INFO] ThirdParty:999 - CMSIS Pack Vendor :STMicroelectronics X-CUBE-ALGOBUILD 1.3.0
2022-12-27 15:25:14,529 [INFO] ThirdParty:999 - CMSIS Pack Vendor :STMicroelectronics X-CUBE-BLE1 6.2.4
2022-12-27 15:25:14,529 [INFO] ThirdParty:999 - CMSIS Pack Vendor :STMicroelectronics X-CUBE-AZRTOS-L5 1.1.0
2022-12-27 15:25:14,529 [INFO] ThirdParty:999 - CMSIS Pack Vendor :STMicroelectronics FreeRTOS 0.0.1
2022-12-27 15:25:14,529 [INFO] ThirdParty:999 - CMSIS Pack Vendor :emotas I-CUBE-CANOPEN 1.1.3
2022-12-27 15:25:14,529 [INFO] ThirdParty:999 - CMSIS Pack Vendor :STMicroelectronics X-CUBE-AZRTOS-G0 1.1.0
2022-12-27 15:25:14,529 [INFO] ThirdParty:999 - CMSIS Pack Vendor :STMicroelectronics X-CUBE-SUBG2 5.0.0
2022-12-27 15:25:14,529 [INFO] ThirdParty:999 - CMSIS Pack Vendor :STMicroelectronics STM32_WPAN 1.0.0
2022-12-27 15:25:14,529 [INFO] ThirdParty:999 - CMSIS Pack Vendor :STMicroelectronics lwIP 2.0.3
2022-12-27 15:25:14,529 [INFO] ThirdParty:999 - CMSIS Pack Vendor :STMicroelectronics X-CUBE-NFC4 2.0.5
2022-12-27 15:25:14,529 [INFO] ThirdParty:999 - CMSIS Pack Vendor :STMicroelectronics USB_HOST 1.0.0
2022-12-27 15:25:14,529 [INFO] ThirdParty:999 - CMSIS Pack Vendor :STMicroelectronics PDM2PCM 3.1.0
2022-12-27 15:25:14,529 [INFO] ThirdParty:999 - CMSIS Pack Vendor :STMicroelectronics FP-ATR-ASTRA1 1.1.1
2022-12-27 15:25:14,529 [INFO] ThirdParty:999 - CMSIS Pack Vendor :STMicroelectronics PDM2PCM 3.3.0
2022-12-27 15:25:14,529 [INFO] ThirdParty:999 - CMSIS Pack Vendor :STMicroelectronics X-CUBE-BLEMGR 1.3.0
2022-12-27 15:25:14,529 [INFO] ThirdParty:999 - CMSIS Pack Vendor :wolfSSL I-CUBE-wolfSSL 5.5.3
2022-12-27 15:25:14,529 [INFO] ThirdParty:999 - CMSIS Pack Vendor :STMicroelectronics X-CUBE-AZRTOS-G4 1.0.0
2022-12-27 15:25:14,529 [INFO] ThirdParty:999 - CMSIS Pack Vendor :STMicroelectronics FP-ATR-SIGFOX1 3.2.0
2022-12-27 15:25:14,529 [INFO] ThirdParty:999 - CMSIS Pack Vendor :STMicroelectronics X-CUBE-AZRTOS-L4 1.0.0
2022-12-27 15:25:14,529 [INFO] ThirdParty:999 - CMSIS Pack Vendor :STMicroelectronics HAL Drivers 0.0.0
2022-12-27 15:25:14,529 [INFO] ThirdParty:999 - CMSIS Pack Vendor :STMicroelectronics MBEDTLS 2.16.2
2022-12-27 15:25:14,529 [INFO] ThirdParty:999 - CMSIS Pack Vendor :STMicroelectronics X-CUBE-TOUCHGFX 4.20.0
2022-12-27 15:25:14,529 [INFO] ThirdParty:999 - CMSIS Pack Vendor :STMicroelectronics MBEDTLS 2.14.1
2022-12-27 15:25:14,529 [INFO] ThirdParty:999 - CMSIS Pack Vendor :STMicroelectronics X-CUBE-NFC7 1.0.0
2022-12-27 15:25:14,529 [INFO] ThirdParty:999 - CMSIS Pack Vendor :STMicroelectronics X-CUBE-AZRTOS-WL 1.0.0
2022-12-27 15:25:14,529 [INFO] ThirdParty:999 - CMSIS Pack Vendor :STMicroelectronics X-CUBE-EEPRMA1 4.1.0
2022-12-27 15:25:14,529 [INFO] ThirdParty:999 - CMSIS Pack Vendor :portGmbH I-Cube-SoM-uGOAL 1.1.0
2022-12-27 15:25:14,529 [INFO] ThirdParty:999 - CMSIS Pack Vendor :STMicroelectronics X-CUBE-ALS 1.0.1
2022-12-27 15:25:14,529 [INFO] ThirdParty:999 - CMSIS Pack Vendor :STMicroelectronics ThreadX 1.0.0
2022-12-27 15:25:14,529 [INFO] ThirdParty:999 - CMSIS Pack Vendor :STMicroelectronics X-CUBE-AZRTOS-WB 1.1.0
2022-12-27 15:25:14,529 [INFO] ThirdParty:999 - CMSIS Pack Vendor :STMicroelectronics USB_DEVICE 1.0.0
2022-12-27 15:25:14,529 [INFO] ThirdParty:999 - CMSIS Pack Vendor :STMicroelectronics X-CUBE-EEPRMA1 3.1.1
2022-12-27 15:25:14,529 [INFO] ThirdParty:999 - CMSIS Pack Vendor :SEGGER I-CUBE-embOS 1.3.0
2022-12-27 15:25:14,529 [INFO] ThirdParty:999 - CMSIS Pack Vendor :STMicroelectronics ThreadX 0.0.2
2022-12-27 15:25:14,529 [INFO] ThirdParty:999 - CMSIS Pack Vendor :STMicroelectronics lwIP 2.1.2
2022-12-27 15:25:14,529 [INFO] ThirdParty:999 - CMSIS Pack Vendor :STMicroelectronics X-CUBE-SFXS2LP1 4.0.0
2022-12-27 15:25:14,545 [INFO] ThirdParty:999 - CMSIS Pack Vendor :STMicroelectronics X-CUBE-BLE2 3.3.0
2022-12-27 15:25:14,545 [INFO] ThirdParty:999 - CMSIS Pack Vendor :STMicroelectronics X-CUBE-DISPLAY 2.2.0
2022-12-27 15:25:14,545 [INFO] ThirdParty:999 - CMSIS Pack Vendor :STMicroelectronics X-CUBE-TOF1 3.2.0
2022-12-27 15:25:14,545 [INFO] ThirdParty:999 - CMSIS Pack Vendor :STMicroelectronics PDM2PCM 3.2.0
2022-12-27 15:25:14,545 [INFO] ThirdParty:999 - CMSIS Pack Vendor :STMicroelectronics X-CUBE-AZRTOS-H7 3.0.0
2022-12-27 15:25:14,545 [INFO] ThirdParty:815 - exiting critical section [change project]
2022-12-27 15:25:14,733 [INFO] PinOutPanel:1477 - setPackage(No Configuration,No Configuration)
2022-12-27 15:25:14,733 [INFO] PinOutPanel:1477 - setPackage(STM32F103RBTx,LQFP64)
2022-12-27 15:25:15,139 [INFO] UtilMem:74 - Before build in PCC Used Memory: 230801600 Bytes (571473920)
2022-12-27 15:25:15,701 [INFO] UtilMem:74 - After build in PCC Used Memory: 406710160 Bytes (571473920)
2022-12-27 15:25:15,717 [INFO] IPUIPlugin:79 - create IPUIPlugin
2022-12-27 15:25:15,717 [INFO] IPUIPlugin:79 - create IPUIPlugin
2022-12-27 15:25:15,717 [INFO] IPUIPlugin:79 - create IPUIPlugin
2022-12-27 15:25:15,717 [INFO] IPUIPlugin:79 - create IPUIPlugin
2022-12-27 15:25:15,717 [INFO] IPUIPlugin:79 - create IPUIPlugin
2022-12-27 15:25:15,717 [INFO] IPUIPlugin:79 - create IPUIPlugin
2022-12-27 15:25:15,717 [INFO] IPUIPlugin:79 - create IPUIPlugin
2022-12-27 15:25:15,717 [INFO] IPUIPlugin:79 - create IPUIPlugin
2022-12-27 15:25:15,717 [INFO] IPUIPlugin:79 - create IPUIPlugin
2022-12-27 15:25:15,717 [INFO] IPUIPlugin:79 - create IPUIPlugin
2022-12-27 15:25:15,717 [INFO] IPUIPlugin:79 - create IPUIPlugin
2022-12-27 15:25:15,717 [INFO] IPUIPlugin:79 - create IPUIPlugin
2022-12-27 15:25:15,717 [INFO] IPUIPlugin:79 - create IPUIPlugin
2022-12-27 15:25:15,717 [INFO] IPUIPlugin:79 - create IPUIPlugin
2022-12-27 15:25:15,717 [INFO] IPUIPlugin:79 - create IPUIPlugin
2022-12-27 15:25:15,717 [INFO] IPUIPlugin:79 - create IPUIPlugin
2022-12-27 15:25:15,717 [INFO] IPUIPlugin:79 - create IPUIPlugin
2022-12-27 15:25:15,717 [INFO] IPUIPlugin:79 - create IPUIPlugin
2022-12-27 15:25:15,717 [INFO] IPUIPlugin:79 - create IPUIPlugin
2022-12-27 15:25:15,717 [INFO] IPUIPlugin:79 - create IPUIPlugin
2022-12-27 15:25:15,717 [INFO] IPUIPlugin:79 - create IPUIPlugin
2022-12-27 15:25:15,717 [INFO] IPUIPlugin:79 - create IPUIPlugin
2022-12-27 15:25:15,717 [INFO] IPUIPlugin:79 - create IPUIPlugin
2022-12-27 15:25:15,717 [INFO] IPUIPlugin:79 - create IPUIPlugin
2022-12-27 15:25:15,717 [INFO] IPUIPlugin:79 - create IPUIPlugin
2022-12-27 15:25:15,717 [INFO] IPUIPlugin:79 - create IPUIPlugin
2022-12-27 15:25:15,717 [INFO] IPUIPlugin:79 - create IPUIPlugin
2022-12-27 15:25:15,904 [INFO] CADModel:164 - CPN selected for project levelSTM32F103RBT6
2022-12-27 15:25:15,904 [INFO] CADModel:113 - Register for checkConnection events
2022-12-27 15:25:15,963 [INFO] OpenFileManager:327 - Restore cursor
2022-12-27 15:26:54,848 [INFO] NvicIntPanel:100 - NVIC parent = com.st.microxplorer.plugins.ip.nvic.MultiNvicIntPanel[,0,0,0x0,invalid,layout=javax.swing.BoxLayout,alignmentX=0.0,alignmentY=0.0,border=,flags=9,maximumSize=,minimumSize=,preferredSize=]
2022-12-27 15:27:02,553 [INFO] UtilMem:74 - End SaveConfig() Used Memory: 326182816 Bytes (571473920)
2022-12-27 15:27:03,925 [INFO] UtilMem:74 - End SaveConfig() Used Memory: 340862880 Bytes (571473920)
2022-12-27 15:27:06,869 [INFO] UtilMem:74 - End SaveConfig() Used Memory: 368844720 Bytes (571473920)
2022-12-27 15:27:07,323 [INFO] BlockDiagram:2759 - set Specific Code input for plugin: NVIC
2022-12-27 15:27:07,323 [INFO] BlockDiagram:2759 - set Specific Code input for plugin: USART
2022-12-27 15:27:07,323 [INFO] BlockDiagram:2759 - set Specific Code input for plugin: SYS
2022-12-27 15:27:07,323 [INFO] BlockDiagram:2759 - set Specific Code input for plugin: GPIO
2022-12-27 15:27:07,323 [INFO] BlockDiagram:2759 - set Specific Code input for plugin: RCC
2022-12-27 15:27:07,339 [INFO] CodeGenerator:692 - code generatio: config db path: C:\ST\STM32CubeIDE_1.11.0\STM32CubeIDE\plugins\com.st.stm32cube.common.mx_6.7.0.202211181646\\db\
2022-12-27 15:27:07,698 [INFO] CodeEngine:247 - oldGeneratedFile, C:\Users\kouadio\STM32CubeIDE\workspace_1.11.0\GPIO\GpioPremierTest\MXTmpFiles\license.tmp_save
2022-12-27 15:27:07,979 [INFO] CodeEngine:271 - Generated code: C:\Users\kouadio\STM32CubeIDE\workspace_1.11.0\GPIO\GpioPremierTest\MXTmpFiles\license.tmp
2022-12-27 15:27:08,026 [INFO] CodeEngine:247 - oldGeneratedFile, C:\Users\kouadio\STM32CubeIDE\workspace_1.11.0\GPIO\GpioPremierTest\MXTmpFiles\gpio.tmp_save
2022-12-27 15:27:08,120 [INFO] CodeEngine:271 - Generated code: C:\Users\kouadio\STM32CubeIDE\workspace_1.11.0\GPIO\GpioPremierTest\MXTmpFiles\gpio.tmp
2022-12-27 15:27:08,183 [INFO] CodeEngine:247 - oldGeneratedFile, C:\Users\kouadio\STM32CubeIDE\workspace_1.11.0\GPIO\GpioPremierTest\Core\Src\stm32f1xx_it.c_save
2022-12-27 15:27:08,308 [INFO] CodeEngine:271 - Generated code: C:\Users\kouadio\STM32CubeIDE\workspace_1.11.0\GPIO\GpioPremierTest\Core\Src\stm32f1xx_it.c
2022-12-27 15:27:08,308 [INFO] CodeEngine:247 - oldGeneratedFile, C:\Users\kouadio\STM32CubeIDE\workspace_1.11.0\GPIO\GpioPremierTest\Core\Inc\stm32f1xx_it.h_save
2022-12-27 15:27:08,386 [INFO] CodeEngine:271 - Generated code: C:\Users\kouadio\STM32CubeIDE\workspace_1.11.0\GPIO\GpioPremierTest\Core\Inc\stm32f1xx_it.h
2022-12-27 15:27:08,401 [INFO] CodeEngine:247 - oldGeneratedFile, C:\Users\kouadio\STM32CubeIDE\workspace_1.11.0\GPIO\GpioPremierTest\Core\Src\stm32f1xx_hal_msp.c_save
2022-12-27 15:27:08,495 [INFO] CodeEngine:271 - Generated code: C:\Users\kouadio\STM32CubeIDE\workspace_1.11.0\GPIO\GpioPremierTest\Core\Src\stm32f1xx_hal_msp.c
2022-12-27 15:27:08,511 [INFO] CodeEngine:247 - oldGeneratedFile, C:\Users\kouadio\STM32CubeIDE\workspace_1.11.0\GPIO\GpioPremierTest\MXTmpFiles\system.tmp_save
2022-12-27 15:27:08,589 [INFO] CodeEngine:271 - Generated code: C:\Users\kouadio\STM32CubeIDE\workspace_1.11.0\GPIO\GpioPremierTest\MXTmpFiles\system.tmp
2022-12-27 15:27:08,604 [INFO] CodeEngine:303 - oldGeneratedFile, C:\Users\kouadio\STM32CubeIDE\workspace_1.11.0\GPIO\GpioPremierTest\Core\Inc\stm32f1xx_hal_conf.h_save
2022-12-27 15:27:08,667 [INFO] CodeEngine:327 - Generated code: C:\Users\kouadio\STM32CubeIDE\workspace_1.11.0\GPIO\GpioPremierTest\Core\Inc\stm32f1xx_hal_conf.h
2022-12-27 15:27:08,714 [INFO] CodeEngine:247 - oldGeneratedFile, C:\Users\kouadio\STM32CubeIDE\workspace_1.11.0\GPIO\GpioPremierTest\Core\Inc\main.h_save
2022-12-27 15:27:08,776 [INFO] CodeEngine:271 - Generated code: C:\Users\kouadio\STM32CubeIDE\workspace_1.11.0\GPIO\GpioPremierTest\Core\Inc\main.h
2022-12-27 15:27:08,792 [INFO] CodeEngine:247 - oldGeneratedFile, C:\Users\kouadio\STM32CubeIDE\workspace_1.11.0\GPIO\GpioPremierTest\Core\Src\main.c_save
2022-12-27 15:27:08,901 [INFO] CodeEngine:271 - Generated code: C:\Users\kouadio\STM32CubeIDE\workspace_1.11.0\GPIO\GpioPremierTest\Core\Src\main.c
2022-12-27 15:27:09,594 [INFO] ProjectBuilder:2919 - Time for Copy HAL[1] : 224mS.
2022-12-27 15:27:09,610 [INFO] ProjectBuilder:4183 - Project Generator version: 3.18.0-B7
2022-12-27 15:27:09,922 [INFO] ConfigFileManager:1396 - The Die is : DIE410
2022-12-27 15:27:09,922 [INFO] ApiDbMcu:505 - Load IP Config File for FATFS
2022-12-27 15:27:09,953 [INFO] ApiDbMcu:505 - Load IP Config File for FREERTOS
2022-12-27 15:27:09,969 [INFO] ApiDbMcu:505 - Load IP Config File for USB_DEVICE
2022-12-27 15:27:11,515 [INFO] ProjectBuilder:4351 - Time for Generating toolchain IDE Files: 1905mS.
2022-12-27 15:27:11,515 [INFO] ProjectBuilder:2790 - Time for Copy CMSIS : 0mS.
2022-12-27 15:27:11,515 [INFO] ProjectBuilder:2790 - Time for Copy CMSIS : 0mS.
2022-12-27 16:10:07,728 [INFO] JxBrowserEngine:114 - Initiate JxBrowser Engine with user profile folder
2022-12-27 16:10:08,419 [INFO] WebAppUi:459 - Close the Jxbrowser engine manually
2022-12-27 16:10:08,497 [INFO] WebAppUi:462 - Profiles folder deleted
2022-12-27 16:10:08,812 [ERROR] LogOutputStream:74 - [STDERR_REDIRECT] 
2022-12-27 16:52:34,524 [INFO] Activator:179 - 


2022-12-27 16:52:34,524 [INFO] Activator:180 - !SESSION log4j initialized
2022-12-27 16:52:59,367 [ERROR] LogOutputStream:74 - [STDERR_REDIRECT] SLF4J: Failed to load class "org.slf4j.impl.StaticLoggerBinder".
2022-12-27 16:52:59,367 [ERROR] LogOutputStream:74 - [STDERR_REDIRECT] SLF4J: Defaulting to no-operation (NOP) logger implementation
2022-12-27 16:52:59,367 [ERROR] LogOutputStream:74 - [STDERR_REDIRECT] SLF4J: See http://www.slf4j.org/codes.html#StaticLoggerBinder for further details.
2022-12-28 09:57:37,225 [INFO] Activator:179 - 


2022-12-28 09:57:37,225 [INFO] Activator:180 - !SESSION log4j initialized
2022-12-28 09:58:02,982 [ERROR] LogOutputStream:74 - [STDERR_REDIRECT] SLF4J: Failed to load class "org.slf4j.impl.StaticLoggerBinder".
2022-12-28 09:58:02,983 [ERROR] LogOutputStream:74 - [STDERR_REDIRECT] SLF4J: Defaulting to no-operation (NOP) logger implementation
2022-12-28 09:58:02,984 [ERROR] LogOutputStream:74 - [STDERR_REDIRECT] SLF4J: See http://www.slf4j.org/codes.html#StaticLoggerBinder for further details.
2022-12-28 11:12:20,492 [INFO] Activator:179 - 


2022-12-28 11:12:20,494 [INFO] Activator:180 - !SESSION log4j initialized
2022-12-28 11:12:45,182 [ERROR] LogOutputStream:74 - [STDERR_REDIRECT] SLF4J: Failed to load class "org.slf4j.impl.StaticLoggerBinder".
2022-12-28 11:12:45,183 [ERROR] LogOutputStream:74 - [STDERR_REDIRECT] SLF4J: Defaulting to no-operation (NOP) logger implementation
2022-12-28 11:12:45,184 [ERROR] LogOutputStream:74 - [STDERR_REDIRECT] SLF4J: See http://www.slf4j.org/codes.html#StaticLoggerBinder for further details.
2022-12-28 14:58:17,232 [INFO] Activator:179 - 


2022-12-28 14:58:17,233 [INFO] Activator:180 - !SESSION log4j initialized
2022-12-28 14:58:42,843 [ERROR] LogOutputStream:74 - [STDERR_REDIRECT] SLF4J: Failed to load class "org.slf4j.impl.StaticLoggerBinder".
2022-12-28 14:58:42,859 [ERROR] LogOutputStream:74 - [STDERR_REDIRECT] SLF4J: Defaulting to no-operation (NOP) logger implementation
2022-12-28 14:58:42,859 [ERROR] LogOutputStream:74 - [STDERR_REDIRECT] SLF4J: See http://www.slf4j.org/codes.html#StaticLoggerBinder for further details.
2022-12-28 15:52:16,343 [INFO] Activator:179 - 


2022-12-28 15:52:16,343 [INFO] Activator:180 - !SESSION log4j initialized
2022-12-28 15:52:41,023 [ERROR] LogOutputStream:74 - [STDERR_REDIRECT] SLF4J: Failed to load class "org.slf4j.impl.StaticLoggerBinder".
2022-12-28 15:52:41,023 [ERROR] LogOutputStream:74 - [STDERR_REDIRECT] SLF4J: Defaulting to no-operation (NOP) logger implementation
2022-12-28 15:52:41,023 [ERROR] LogOutputStream:74 - [STDERR_REDIRECT] SLF4J: See http://www.slf4j.org/codes.html#StaticLoggerBinder for further details.
2022-12-29 09:59:51,315 [INFO] Activator:179 - 


2022-12-29 09:59:51,315 [INFO] Activator:180 - !SESSION log4j initialized
2022-12-29 10:00:18,075 [ERROR] LogOutputStream:74 - [STDERR_REDIRECT] SLF4J: Failed to load class "org.slf4j.impl.StaticLoggerBinder".
2022-12-29 10:00:18,075 [ERROR] LogOutputStream:74 - [STDERR_REDIRECT] SLF4J: Defaulting to no-operation (NOP) logger implementation
2022-12-29 10:00:18,075 [ERROR] LogOutputStream:74 - [STDERR_REDIRECT] SLF4J: See http://www.slf4j.org/codes.html#StaticLoggerBinder for further details.
2023-01-02 09:49:10,469 [INFO] Activator:179 - 


2023-01-02 09:49:10,473 [INFO] Activator:180 - !SESSION log4j initialized
2023-01-02 09:49:35,633 [ERROR] LogOutputStream:74 - [STDERR_REDIRECT] SLF4J: Failed to load class "org.slf4j.impl.StaticLoggerBinder".
2023-01-02 09:49:35,633 [ERROR] LogOutputStream:74 - [STDERR_REDIRECT] SLF4J: Defaulting to no-operation (NOP) logger implementation
2023-01-02 09:49:35,633 [ERROR] LogOutputStream:74 - [STDERR_REDIRECT] SLF4J: See http://www.slf4j.org/codes.html#StaticLoggerBinder for further details.
2023-01-03 09:39:24,375 [INFO] Activator:179 - 


2023-01-03 09:39:24,376 [INFO] Activator:180 - !SESSION log4j initialized
2023-01-03 09:39:50,341 [ERROR] LogOutputStream:74 - [STDERR_REDIRECT] SLF4J: Failed to load class "org.slf4j.impl.StaticLoggerBinder".
2023-01-03 09:39:50,341 [ERROR] LogOutputStream:74 - [STDERR_REDIRECT] SLF4J: Defaulting to no-operation (NOP) logger implementation
2023-01-03 09:39:50,342 [ERROR] LogOutputStream:74 - [STDERR_REDIRECT] SLF4J: See http://www.slf4j.org/codes.html#StaticLoggerBinder for further details.
2023-01-03 13:20:35,093 [INFO] Activator:179 - 


2023-01-03 13:20:35,093 [INFO] Activator:180 - !SESSION log4j initialized
2023-01-03 13:21:01,755 [ERROR] LogOutputStream:74 - [STDERR_REDIRECT] SLF4J: Failed to load class "org.slf4j.impl.StaticLoggerBinder".
2023-01-03 13:21:01,755 [ERROR] LogOutputStream:74 - [STDERR_REDIRECT] SLF4J: Defaulting to no-operation (NOP) logger implementation
2023-01-03 13:21:01,755 [ERROR] LogOutputStream:74 - [STDERR_REDIRECT] SLF4J: See http://www.slf4j.org/codes.html#StaticLoggerBinder for further details.
